[0417/103056:ERROR:process_info.cc(608)] range at 0xfeca4000, size 0x230 fully unreadable
[0417/103056:ERROR:process_reader_win.cc(232)] ReadMemory at 0xfeca4000 of 560 bytes failed: Only part of a ReadProcessMemory or WriteProcessMemory request was completed. (0x12B)
[0417/103056:ERROR:process_snapshot_win.cc(271)] ReadMemory PEB
[0417/103056:ERROR:process_reader_win.cc(98)] process 27360 not found
[0417/103056:ERROR:process_reader_win.cc(232)] ReadMemory at 0x1170000 of 64 bytes failed: Only part of a ReadProcessMemory or WriteProcessMemory request was completed. (0x12B)
[0417/103056:WARNING:pe_image_reader.cc(280)] could not read dos header from C:\Program Files (x86)\Google\Chrome\Application\chrome.exe
[0417/103056:ERROR:process_reader_win.cc(232)] ReadMemory at 0x76f20000 of 64 bytes failed: Only part of a ReadProcessMemory or WriteProcessMemory request was completed. (0x12B)
[0417/103056:WARNING:pe_image_reader.cc(280)] could not read dos header from C:\WINDOWS\SYSTEM32\ntdll.dll
[0417/103056:ERROR:process_reader_win.cc(232)] ReadMemory at 0x744e0000 of 64 bytes failed: Only part of a ReadProcessMemory or WriteProcessMemory request was completed. (0x12B)
[0417/103056:WARNING:pe_image_reader.cc(280)] could not read dos header from C:\WINDOWS\SYSTEM32\KERNELBASE.dll
[0417/103056:ERROR:process_reader_win.cc(232)] ReadMemory at 0x752e0000 of 64 bytes failed: Only part of a ReadProcessMemory or WriteProcessMemory request was completed. (0x12B)
[0417/103056:WARNING:pe_image_reader.cc(280)] could not read dos header from C:\WINDOWS\SYSTEM32\KERNEL32.DLL
[0417/103056:ERROR:process_reader_win.cc(232)] ReadMemory at 0x71770000 of 64 bytes failed: Only part of a ReadProcessMemory or WriteProcessMemory request was completed. (0x12B)
[0417/103056:WARNING:pe_image_reader.cc(280)] could not read dos header from C:\WINDOWS\system32\apphelp.dll
[0417/103056:ERROR:process_reader_win.cc(232)] ReadMemory at 0x745d0000 of 64 bytes failed: Only part of a ReadProcessMemory or WriteProcessMemory request was completed. (0x12B)
[0417/103056:WARNING:pe_image_reader.cc(280)] could not read dos header from C:\WINDOWS\SYSTEM32\msvcrt.dll
[0417/103056:ERROR:process_reader_win.cc(232)] ReadMemory at 0x742e0000 of 64 bytes failed: Only part of a ReadProcessMemory or WriteProcessMemory request was completed. (0x12B)
[0417/103056:WARNING:pe_image_reader.cc(280)] could not read dos header from C:\WINDOWS\SYSTEM32\bcryptPrimitives.dll
[0417/103056:ERROR:process_reader_win.cc(232)] ReadMemory at 0x74340000 of 64 bytes failed: Only part of a ReadProcessMemory or WriteProcessMemory request was completed. (0x12B)
[0417/103056:WARNING:pe_image_reader.cc(280)] could not read dos header from C:\WINDOWS\SYSTEM32\CRYPTBASE.dll
[0417/103056:ERROR:process_reader_win.cc(232)] ReadMemory at 0x74350000 of 64 bytes failed: Only part of a ReadProcessMemory or WriteProcessMemory request was completed. (0x12B)
[0417/103056:WARNING:pe_image_reader.cc(280)] could not read dos header from C:\WINDOWS\SYSTEM32\SspiCli.dll
[0417/103056:ERROR:process_reader_win.cc(232)] ReadMemory at 0x75470000 of 64 bytes failed: Only part of a ReadProcessMemory or WriteProcessMemory request was completed. (0x12B)
[0417/103056:WARNING:pe_image_reader.cc(280)] could not read dos header from C:\WINDOWS\SYSTEM32\RPCRT4.dll
[0417/103056:ERROR:process_reader_win.cc(232)] ReadMemory at 0x751c0000 of 64 bytes failed: Only part of a ReadProcessMemory or WriteProcessMemory request was completed. (0x12B)
[0417/103056:WARNING:pe_image_reader.cc(280)] could not read dos header from C:\WINDOWS\SYSTEM32\sechost.dll
[0417/103056:ERROR:process_reader_win.cc(232)] ReadMemory at 0x75920000 of 64 bytes failed: Only part of a ReadProcessMemory or WriteProcessMemory request was completed. (0x12B)
[0417/103056:WARNING:pe_image_reader.cc(280)] could not read dos header from C:\WINDOWS\SYSTEM32\ADVAPI32.dll
[0417/103056:ERROR:process_reader_win.cc(232)] ReadMemory at 0x713a0000 of 64 bytes failed: Only part of a ReadProcessMemory or WriteProcessMemory request was completed. (0x12B)
[0417/103056:WARNING:pe_image_reader.cc(280)] could not read dos header from C:\Program Files (x86)\Google\Chrome\Application\49.0.2623.110\chrome_elf.dll
[0417/103056:ERROR:process_reader_win.cc(232)] ReadMemory at 0x74c70000 of 64 bytes failed: Only part of a ReadProcessMemory or WriteProcessMemory request was completed. (0x12B)
[0417/103056:WARNING:pe_image_reader.cc(280)] could not read dos header from C:\WINDOWS\SYSTEM32\combase.dll
[0417/103056:ERROR:process_reader_win.cc(232)] ReadMemory at 0x6f5f0000 of 64 bytes failed: Only part of a ReadProcessMemory or WriteProcessMemory request was completed. (0x12B)
[0417/103056:WARNING:pe_image_reader.cc(280)] could not read dos header from C:\WINDOWS\SYSTEM32\WINHTTP.dll
[0417/103056:ERROR:process_reader_win.cc(232)] ReadMemory at 0x742d0000 of 64 bytes failed: Only part of a ReadProcessMemory or WriteProcessMemory request was completed. (0x12B)
[0417/103056:WARNING:pe_image_reader.cc(280)] could not read dos header from C:\WINDOWS\SYSTEM32\VERSION.dll
[0417/103056:ERROR:process_reader_win.cc(232)] ReadMemory at 0x75010000 of 64 bytes failed: Only part of a ReadProcessMemory or WriteProcessMemory request was completed. (0x12B)
[0417/103056:WARNING:pe_image_reader.cc(280)] could not read dos header from C:\WINDOWS\SYSTEM32\cfgmgr32.dll
[0417/103056:ERROR:process_reader_win.cc(232)] ReadMemory at 0x752b0000 of 64 bytes failed: Only part of a ReadProcessMemory or WriteProcessMemory request was completed. (0x12B)
[0417/103056:WARNING:pe_image_reader.cc(280)] could not read dos header from C:\WINDOWS\SYSTEM32\DEVOBJ.dll
[0417/103056:ERROR:process_reader_win.cc(232)] ReadMemory at 0x749f0000 of 64 bytes failed: Only part of a ReadProcessMemory or WriteProcessMemory request was completed. (0x12B)
[0417/103056:WARNING:pe_image_reader.cc(280)] could not read dos header from C:\WINDOWS\SYSTEM32\WINMMBASE.dll
[0417/103056:ERROR:process_reader_win.cc(232)] ReadMemory at 0x750b0000 of 64 bytes failed: Only part of a ReadProcessMemory or WriteProcessMemory request was completed. (0x12B)
[0417/103056:WARNING:pe_image_reader.cc(280)] could not read dos header from C:\WINDOWS\SYSTEM32\GDI32.dll
[0417/103056:ERROR:process_reader_win.cc(232)] ReadMemory at 0x74e80000 of 64 bytes failed: Only part of a ReadProcessMemory or WriteProcessMemory request was completed. (0x12B)
[0417/103056:WARNING:pe_image_reader.cc(280)] could not read dos header from C:\WINDOWS\SYSTEM32\USER32.dll
[0417/103056:ERROR:process_reader_win.cc(232)] ReadMemory at 0x748c0000 of 64 bytes failed: Only part of a ReadProcessMemory or WriteProcessMemory request was completed. (0x12B)
[0417/103056:WARNING:pe_image_reader.cc(280)] could not read dos header from C:\WINDOWS\SYSTEM32\MSCTF.dll
[0417/103056:ERROR:process_reader_win.cc(232)] ReadMemory at 0x74ba0000 of 64 bytes failed: Only part of a ReadProcessMemory or WriteProcessMemory request was completed. (0x12B)
[0417/103056:WARNING:pe_image_reader.cc(280)] could not read dos header from C:\WINDOWS\system32\IMM32.DLL
[0417/103056:ERROR:process_reader_win.cc(232)] ReadMemory at 0x74e50000 of 64 bytes failed: Only part of a ReadProcessMemory or WriteProcessMemory request was completed. (0x12B)
[0417/103056:WARNING:pe_image_reader.cc(280)] could not read dos header from C:\WINDOWS\SYSTEM32\WINMM.dll
[0417/103056:ERROR:process_reader_win.cc(232)] ReadMemory at 0x74290000 of 64 bytes failed: Only part of a ReadProcessMemory or WriteProcessMemory request was completed. (0x12B)
[0417/103056:WARNING:pe_image_reader.cc(280)] could not read dos header from C:\WINDOWS\SYSTEM32\profapi.dll
[0417/103056:ERROR:process_reader_win.cc(232)] ReadMemory at 0x742a0000 of 64 bytes failed: Only part of a ReadProcessMemory or WriteProcessMemory request was completed. (0x12B)
[0417/103056:WARNING:pe_image_reader.cc(280)] could not read dos header from C:\WINDOWS\SYSTEM32\USERENV.dll
[0417/103056:ERROR:process_reader_win.cc(232)] ReadMemory at 0x742c0000 of 64 bytes failed: Only part of a ReadProcessMemory or WriteProcessMemory request was completed. (0x12B)
[0417/103056:WARNING:pe_image_reader.cc(280)] could not read dos header from C:\WINDOWS\SYSTEM32\WTSAPI32.dll
[0417/103056:ERROR:process_reader_win.cc(232)] ReadMemory at 0x75420000 of 64 bytes failed: Only part of a ReadProcessMemory or WriteProcessMemory request was completed. (0x12B)
[0417/103056:WARNING:pe_image_reader.cc(280)] could not read dos header from C:\WINDOWS\SYSTEM32\SHLWAPI.dll
[0417/103056:ERROR:process_reader_win.cc(232)] ReadMemory at 0x75b70000 of 64 bytes failed: Only part of a ReadProcessMemory or WriteProcessMemory request was completed. (0x12B)
[0417/103056:WARNING:pe_image_reader.cc(280)] could not read dos header from C:\WINDOWS\SYSTEM32\SHELL32.dll
[0417/103056:ERROR:process_reader_win.cc(232)] ReadMemory at 0x75530000 of 64 bytes failed: Only part of a ReadProcessMemory or WriteProcessMemory request was completed. (0x12B)
[0417/103056:WARNING:pe_image_reader.cc(280)] could not read dos header from C:\WINDOWS\SYSTEM32\ole32.dll
[0417/103056:ERROR:process_reader_win.cc(232)] ReadMemory at 0x757f0000 of 64 bytes failed: Only part of a ReadProcessMemory or WriteProcessMemory request was completed. (0x12B)
[0417/103056:WARNING:pe_image_reader.cc(280)] could not read dos header from C:\WINDOWS\SYSTEM32\OLEAUT32.dll
[0417/103056:ERROR:process_reader_win.cc(232)] ReadMemory at 0x745c0000 of 64 bytes failed: Only part of a ReadProcessMemory or WriteProcessMemory request was completed. (0x12B)
[0417/103056:WARNING:pe_image_reader.cc(280)] could not read dos header from C:\WINDOWS\SYSTEM32\PSAPI.DLL
[0417/103056:ERROR:process_reader_win.cc(232)] ReadMemory at 0x74ff0000 of 64 bytes failed: Only part of a ReadProcessMemory or WriteProcessMemory request was completed. (0x12B)
[0417/103056:WARNING:pe_image_reader.cc(280)] could not read dos header from C:\WINDOWS\SYSTEM32\NSI.dll
[0417/103056:ERROR:process_reader_win.cc(232)] ReadMemory at 0x75250000 of 64 bytes failed: Only part of a ReadProcessMemory or WriteProcessMemory request was completed. (0x12B)
[0417/103056:WARNING:pe_image_reader.cc(280)] could not read dos header from C:\WINDOWS\SYSTEM32\WS2_32.dll
[0417/103056:ERROR:process_reader_win.cc(232)] ReadMemory at 0x74170000 of 64 bytes failed: Only part of a ReadProcessMemory or WriteProcessMemory request was completed. (0x12B)
[0417/103056:WARNING:pe_image_reader.cc(280)] could not read dos header from C:\WINDOWS\SYSTEM32\netutils.dll
[0417/103056:ERROR:process_reader_win.cc(232)] ReadMemory at 0x74150000 of 64 bytes failed: Only part of a ReadProcessMemory or WriteProcessMemory request was completed. (0x12B)
[0417/103056:WARNING:pe_image_reader.cc(280)] could not read dos header from C:\WINDOWS\SYSTEM32\srvcli.dll
[0417/103056:ERROR:process_reader_win.cc(232)] ReadMemory at 0x74130000 of 64 bytes failed: Only part of a ReadProcessMemory or WriteProcessMemory request was completed. (0x12B)
[0417/103056:WARNING:pe_image_reader.cc(280)] could not read dos header from C:\WINDOWS\SYSTEM32\wkscli.dll
[0417/103056:ERROR:process_reader_win.cc(232)] ReadMemory at 0x74180000 of 64 bytes failed: Only part of a ReadProcessMemory or WriteProcessMemory request was completed. (0x12B)
[0417/103056:WARNING:pe_image_reader.cc(280)] could not read dos header from C:\WINDOWS\SYSTEM32\NETAPI32.dll
[0417/103056:ERROR:process_reader_win.cc(232)] ReadMemory at 0x736b0000 of 64 bytes failed: Only part of a ReadProcessMemory or WriteProcessMemory request was completed. (0x12B)
[0417/103056:WARNING:pe_image_reader.cc(280)] could not read dos header from E:\Program Files (x86)\360\360safe\safemon\safemon.dll
[0417/103056:ERROR:process_reader_win.cc(232)] ReadMemory at 0x740a0000 of 64 bytes failed: Only part of a ReadProcessMemory or WriteProcessMemory request was completed. (0x12B)
[0417/103056:WARNING:pe_image_reader.cc(280)] could not read dos header from C:\WINDOWS\SYSTEM32\shcore.dll
[0417/103056:ERROR:process_reader_win.cc(232)] ReadMemory at 0x67620000 of 64 bytes failed: Only part of a ReadProcessMemory or WriteProcessMemory request was completed. (0x12B)
[0417/103056:WARNING:pe_image_reader.cc(280)] could not read dos header from E:\Program Files (x86)\360\360safe\safemon\iNetSafe.dll
[0417/103056:ERROR:process_reader_win.cc(232)] ReadMemory at 0x70a70000 of 64 bytes failed: Only part of a ReadProcessMemory or WriteProcessMemory request was completed. (0x12B)
[0417/103056:WARNING:pe_image_reader.cc(280)] could not read dos header from C:\WINDOWS\SYSTEM32\WINSPOOL.DRV
[0417/103056:ERROR:process_reader_win.cc(232)] ReadMemory at 0x71540000 of 64 bytes failed: Only part of a ReadProcessMemory or WriteProcessMemory request was completed. (0x12B)
[0417/103056:WARNING:pe_image_reader.cc(280)] could not read dos header from C:\WINDOWS\WinSxS\x86_microsoft.windows.common-controls_6595b64144ccf1df_6.0.9600.18006_none_a9ec6aab013aafee\COMCTL32.dll
[0417/103056:ERROR:process_reader_win.cc(232)] ReadMemory at 0x74bd0000 of 64 bytes failed: Only part of a ReadProcessMemory or WriteProcessMemory request was completed. (0x12B)
[0417/103056:WARNING:pe_image_reader.cc(280)] could not read dos header from C:\WINDOWS\SYSTEM32\COMDLG32.dll
[0417/103056:ERROR:process_reader_win.cc(232)] ReadMemory at 0x73fd0000 of 64 bytes failed: Only part of a ReadProcessMemory or WriteProcessMemory request was completed. (0x12B)
[0417/103056:WARNING:pe_image_reader.cc(280)] could not read dos header from C:\WINDOWS\SYSTEM32\WINNSI.DLL
[0417/103056:ERROR:process_reader_win.cc(232)] ReadMemory at 0x73fe0000 of 64 bytes failed: Only part of a ReadProcessMemory or WriteProcessMemory request was completed. (0x12B)
[0417/103056:WARNING:pe_image_reader.cc(280)] could not read dos header from C:\WINDOWS\SYSTEM32\IPHLPAPI.DLL
[0417/103056:ERROR:process_reader_win.cc(232)] ReadMemory at 0x74df0000 of 64 bytes failed: Only part of a ReadProcessMemory or WriteProcessMemory request was completed. (0x12B)
[0417/103056:WARNING:pe_image_reader.cc(280)] could not read dos header from C:\WINDOWS\SYSTEM32\USP10.dll
[0417/103056:ERROR:process_reader_win.cc(232)] ReadMemory at 0x749e0000 of 64 bytes failed: Only part of a ReadProcessMemory or WriteProcessMemory request was completed. (0x12B)
[0417/103056:WARNING:pe_image_reader.cc(280)] could not read dos header from C:\WINDOWS\SYSTEM32\MSASN1.dll
[0417/103056:ERROR:process_reader_win.cc(232)] ReadMemory at 0x75660000 of 64 bytes failed: Only part of a ReadProcessMemory or WriteProcessMemory request was completed. (0x12B)
[0417/103056:WARNING:pe_image_reader.cc(280)] could not read dos header from C:\WINDOWS\SYSTEM32\CRYPT32.dll
[0417/103056:ERROR:process_reader_win.cc(232)] ReadMemory at 0x74e10000 of 64 bytes failed: Only part of a ReadProcessMemory or WriteProcessMemory request was completed. (0x12B)
[0417/103056:WARNING:pe_image_reader.cc(280)] could not read dos header from C:\WINDOWS\SYSTEM32\WINTRUST.dll
[0417/103056:ERROR:process_reader_win.cc(232)] ReadMemory at 0x73dd0000 of 64 bytes failed: Only part of a ReadProcessMemory or WriteProcessMemory request was completed. (0x12B)
[0417/103056:WARNING:pe_image_reader.cc(280)] could not read dos header from C:\WINDOWS\SYSTEM32\Secur32.dll
[0417/103056:ERROR:process_reader_win.cc(232)] ReadMemory at 0x6a8e0000 of 64 bytes failed: Only part of a ReadProcessMemory or WriteProcessMemory request was completed. (0x12B)
[0417/103056:WARNING:pe_image_reader.cc(280)] could not read dos header from C:\Program Files (x86)\Google\Chrome\Application\49.0.2623.110\chrome_child.dll
[0417/103056:ERROR:process_reader_win.cc(232)] ReadMemory at 0x70f50000 of 64 bytes failed: Only part of a ReadProcessMemory or WriteProcessMemory request was completed. (0x12B)
[0417/103056:WARNING:pe_image_reader.cc(280)] could not read dos header from E:\Program Files (x86)\360\360safe\360verify.dll
[0417/103056:ERROR:process_reader_win.cc(232)] ReadMemory at 0x71150000 of 64 bytes failed: Only part of a ReadProcessMemory or WriteProcessMemory request was completed. (0x12B)
[0417/103056:WARNING:pe_image_reader.cc(280)] could not read dos header from C:\WINDOWS\SYSTEM32\dwrite.dll
[0417/103056:ERROR:process_reader_win.cc(232)] ReadMemory at 0x121c154 of 12 bytes failed: Only part of a ReadProcessMemory or WriteProcessMemory request was completed. (0x12B)
[0417/103056:WARNING:process_snapshot_win.cc(89)] ReadMemory ExceptionInformation failed
[0417/103056:WARNING:crash_report_exception_handler.cc(60)] ProcessSnapshotWin::InitializeException failed
[0417/103056:ERROR:scoped_process_suspend.cc(38)] NtResumeProcess, ntstatus=-1073741558
[0418/135453:ERROR:process_info.cc(608)] range at 0xfedd4000, size 0x230 fully unreadable
[0418/135453:ERROR:process_info.cc(608)] range at 0xfeddf000, size 0xf84 fully unreadable
[0418/135453:ERROR:process_reader_win.cc(232)] ReadMemory at 0x1087000 of 36864 bytes failed: Only part of a ReadProcessMemory or WriteProcessMemory request was completed. (0x12B)
[0418/135453:ERROR:crash_report_exception_handler.cc(102)] WriteEverything failed
[0418/135453:ERROR:scoped_process_suspend.cc(38)] NtResumeProcess, ntstatus=-1073741558
